[2025-04-28 19:23:04] local.ERROR: SQLSTATE[23000]: Integrity constraint violation: 1452 Cannot add or update a child row: a foreign key constraint fails (`api_rest_law2`.`tiposdepagos`, CONSTRAINT `tiposdepagos_user_id_foreign` FOREIGN KEY (`user_id`) REFERENCES `users` (`id`) ON DELETE SET NULL) (SQL: insert into `tiposdepagos` (`id`, `tipo`, `ciorif`, `telefono`, `bankAccount`, `bankName`, `bankAccountType`, `email`, `user_id`, `status`, `created_at`, `updated_at`) values (12, Transferencia Bolívares, ?, ?, ZEL0101010143543, Venezuela, ?, ?, 5, INACTIVE, 2024-05-17 00:27:54, 2024-05-17 00:27:54)) {"exception":"[object] (Illuminate\\Database\\QueryException(code: 23000): SQLSTATE[23000]: Integrity constraint violation: 1452 Cannot add or update a child row: a foreign key constraint fails (`api_rest_law2`.`tiposdepagos`, CONSTRAINT `tiposdepagos_user_id_foreign` FOREIGN KEY (`user_id`) REFERENCES `users` (`id`) ON DELETE SET NULL) (SQL: insert into `tiposdepagos` (`id`, `tipo`, `ciorif`, `telefono`, `bankAccount`, `bankName`, `bankAccountType`, `email`, `user_id`, `status`, `created_at`, `updated_at`) values (12, Transferencia Bolívares, ?, ?, ZEL0101010143543, Venezuela, ?, ?, 5, INACTIVE, 2024-05-17 00:27:54, 2024-05-17 00:27:54)) at /Applications/MAMP/htdocs/proyectos/aplicaciones web/abogadosApp/backed-api-law2/vendor/laravel/framework/src/Illuminate/Database/Connection.php:712)
[stacktrace]
#0 /Applications/MAMP/htdocs/proyectos/aplicaciones web/abogadosApp/backed-api-law2/vendor/laravel/framework/src/Illuminate/Database/Connection.php(672): Illuminate\\Database\\Connection->runQueryCallback('insert into `ti...', Array, Object(Closure))
#1 /Applications/MAMP/htdocs/proyectos/aplicaciones web/abogadosApp/backed-api-law2/vendor/laravel/framework/src/Illuminate/Database/Connection.php(490): Illuminate\\Database\\Connection->run('insert into `ti...', Array, Object(Closure))
#2 /Applications/MAMP/htdocs/proyectos/aplicaciones web/abogadosApp/backed-api-law2/vendor/laravel/framework/src/Illuminate/Database/Connection.php(454): Illuminate\\Database\\Connection->statement('insert into `ti...', Array)
#3 /Applications/MAMP/htdocs/proyectos/aplicaciones web/abogadosApp/backed-api-law2/vendor/laravel/framework/src/Illuminate/Database/Query/Processors/Processor.php(32): Illuminate\\Database\\Connection->insert('insert into `ti...', Array)
#4 /Applications/MAMP/htdocs/proyectos/aplicaciones web/abogadosApp/backed-api-law2/vendor/laravel/framework/src/Illuminate/Database/Query/Builder.php(3028): Illuminate\\Database\\Query\\Processors\\Processor->processInsertGetId(Object(Illuminate\\Database\\Query\\Builder), 'insert into `ti...', Array, 'id')
#5 /Applications/MAMP/htdocs/proyectos/aplicaciones web/abogadosApp/backed-api-law2/vendor/laravel/framework/src/Illuminate/Database/Eloquent/Builder.php(1657): Illuminate\\Database\\Query\\Builder->insertGetId(Array, 'id')
#6 /Applications/MAMP/htdocs/proyectos/aplicaciones web/abogadosApp/backed-api-law2/vendor/laravel/framework/src/Illuminate/Database/Eloquent/Model.php(1188): Illuminate\\Database\\Eloquent\\Builder->__call('insertGetId', Array)
#7 /Applications/MAMP/htdocs/proyectos/aplicaciones web/abogadosApp/backed-api-law2/vendor/laravel/framework/src/Illuminate/Database/Eloquent/Model.php(1153): Illuminate\\Database\\Eloquent\\Model->insertAndSetId(Object(Illuminate\\Database\\Eloquent\\Builder), Array)
#8 /Applications/MAMP/htdocs/proyectos/aplicaciones web/abogadosApp/backed-api-law2/vendor/laravel/framework/src/Illuminate/Database/Eloquent/Model.php(994): Illuminate\\Database\\Eloquent\\Model->performInsert(Object(Illuminate\\Database\\Eloquent\\Builder))
#9 /Applications/MAMP/htdocs/proyectos/aplicaciones web/abogadosApp/backed-api-law2/vendor/laravel/framework/src/Illuminate/Database/Eloquent/Builder.php(509): Illuminate\\Database\\Eloquent\\Model->save()
#10 /Applications/MAMP/htdocs/proyectos/aplicaciones web/abogadosApp/backed-api-law2/vendor/laravel/framework/src/Illuminate/Support/helpers.php(263): Illuminate\\Database\\Eloquent\\Builder->{closure:Illuminate\\Database\\Eloquent\\Builder::updateOrCreate():508}(Object(App\\Models\\Tiposdepago))
#11 /Applications/MAMP/htdocs/proyectos/aplicaciones web/abogadosApp/backed-api-law2/vendor/laravel/framework/src/Illuminate/Database/Eloquent/Builder.php(508): tap(Object(App\\Models\\Tiposdepago), Object(Closure))
#12 /Applications/MAMP/htdocs/proyectos/aplicaciones web/abogadosApp/backed-api-law2/vendor/laravel/framework/src/Illuminate/Support/Traits/ForwardsCalls.php(23): Illuminate\\Database\\Eloquent\\Builder->updateOrCreate(Array, Array)
#13 /Applications/MAMP/htdocs/proyectos/aplicaciones web/abogadosApp/backed-api-law2/vendor/laravel/framework/src/Illuminate/Database/Eloquent/Model.php(2132): Illuminate\\Database\\Eloquent\\Model->forwardCallTo(Object(Illuminate\\Database\\Eloquent\\Builder), 'updateOrCreate', Array)
#14 /Applications/MAMP/htdocs/proyectos/aplicaciones web/abogadosApp/backed-api-law2/vendor/laravel/framework/src/Illuminate/Database/Eloquent/Model.php(2144): Illuminate\\Database\\Eloquent\\Model->__call('updateOrCreate', Array)
#15 /Applications/MAMP/htdocs/proyectos/aplicaciones web/abogadosApp/backed-api-law2/database/seeders/TiposDePagoSeeder.php(131): Illuminate\\Database\\Eloquent\\Model::__callStatic('updateOrCreate', Array)
#16 /Applications/MAMP/htdocs/proyectos/aplicaciones web/abogadosApp/backed-api-law2/vendor/laravel/framework/src/Illuminate/Container/BoundMethod.php(36): Database\\Seeders\\TiposDePagoSeeder->run()
#17 /Applications/MAMP/htdocs/proyectos/aplicaciones web/abogadosApp/backed-api-law2/vendor/laravel/framework/src/Illuminate/Container/Util.php(40): Illuminate\\Container\\BoundMethod::{closure:Illuminate\\Container\\BoundMethod::call():35}()
#18 /Applications/MAMP/htdocs/proyectos/aplicaciones web/abogadosApp/backed-api-law2/vendor/laravel/framework/src/Illuminate/Container/BoundMethod.php(93): Illuminate\\Container\\Util::unwrapIfClosure(Object(Closure))
#19 /Applications/MAMP/htdocs/proyectos/aplicaciones web/abogadosApp/backed-api-law2/vendor/laravel/framework/src/Illuminate/Container/BoundMethod.php(35): Illuminate\\Container\\BoundMethod::callBoundMethod(Object(Illuminate\\Foundation\\Application), Array, Object(Closure))
#20 /Applications/MAMP/htdocs/proyectos/aplicaciones web/abogadosApp/backed-api-law2/vendor/laravel/framework/src/Illuminate/Container/Container.php(653): Illuminate\\Container\\BoundMethod::call(Object(Illuminate\\Foundation\\Application), Array, Array, NULL)
#21 /Applications/MAMP/htdocs/proyectos/aplicaciones web/abogadosApp/backed-api-law2/vendor/laravel/framework/src/Illuminate/Database/Seeder.php(149): Illuminate\\Container\\Container->call(Array, Array)
#22 /Applications/MAMP/htdocs/proyectos/aplicaciones web/abogadosApp/backed-api-law2/vendor/laravel/framework/src/Illuminate/Database/Seeder.php(49): Illuminate\\Database\\Seeder->__invoke(Array)
#23 /Applications/MAMP/htdocs/proyectos/aplicaciones web/abogadosApp/backed-api-law2/database/seeders/DatabaseSeeder.php(22): Illuminate\\Database\\Seeder->call('Database\\\\Seeder...')
#24 /Applications/MAMP/htdocs/proyectos/aplicaciones web/abogadosApp/backed-api-law2/vendor/laravel/framework/src/Illuminate/Container/BoundMethod.php(36): Database\\Seeders\\DatabaseSeeder->run()
#25 /Applications/MAMP/htdocs/proyectos/aplicaciones web/abogadosApp/backed-api-law2/vendor/laravel/framework/src/Illuminate/Container/Util.php(40): Illuminate\\Container\\BoundMethod::{closure:Illuminate\\Container\\BoundMethod::call():35}()
#26 /Applications/MAMP/htdocs/proyectos/aplicaciones web/abogadosApp/backed-api-law2/vendor/laravel/framework/src/Illuminate/Container/BoundMethod.php(93): Illuminate\\Container\\Util::unwrapIfClosure(Object(Closure))
#27 /Applications/MAMP/htdocs/proyectos/aplicaciones web/abogadosApp/backed-api-law2/vendor/laravel/framework/src/Illuminate/Container/BoundMethod.php(35): Illuminate\\Container\\BoundMethod::callBoundMethod(Object(Illuminate\\Foundation\\Application), Array, Object(Closure))
#28 /Applications/MAMP/htdocs/proyectos/aplicaciones web/abogadosApp/backed-api-law2/vendor/laravel/framework/src/Illuminate/Container/Container.php(653): Illuminate\\Container\\BoundMethod::call(Object(Illuminate\\Foundation\\Application), Array, Array, NULL)
#29 /Applications/MAMP/htdocs/proyectos/aplicaciones web/abogadosApp/backed-api-law2/vendor/laravel/framework/src/Illuminate/Database/Seeder.php(149): Illuminate\\Container\\Container->call(Array, Array)
#30 /Applications/MAMP/htdocs/proyectos/aplicaciones web/abogadosApp/backed-api-law2/vendor/laravel/framework/src/Illuminate/Database/Console/Seeds/SeedCommand.php(66): Illuminate\\Database\\Seeder->__invoke()
#31 /Applications/MAMP/htdocs/proyectos/aplicaciones web/abogadosApp/backed-api-law2/vendor/laravel/framework/src/Illuminate/Database/Eloquent/Concerns/GuardsAttributes.php(157): Illuminate\\Database\\Console\\Seeds\\SeedCommand->{closure:Illuminate\\Database\\Console\\Seeds\\SeedCommand::handle():65}()
#32 /Applications/MAMP/htdocs/proyectos/aplicaciones web/abogadosApp/backed-api-law2/vendor/laravel/framework/src/Illuminate/Database/Console/Seeds/SeedCommand.php(65): Illuminate\\Database\\Eloquent\\Model::unguarded(Object(Closure))
#33 /Applications/MAMP/htdocs/proyectos/aplicaciones web/abogadosApp/backed-api-law2/vendor/laravel/framework/src/Illuminate/Container/BoundMethod.php(36): Illuminate\\Database\\Console\\Seeds\\SeedCommand->handle()
#34 /Applications/MAMP/htdocs/proyectos/aplicaciones web/abogadosApp/backed-api-law2/vendor/laravel/framework/src/Illuminate/Container/Util.php(40): Illuminate\\Container\\BoundMethod::{closure:Illuminate\\Container\\BoundMethod::call():35}()
#35 /Applications/MAMP/htdocs/proyectos/aplicaciones web/abogadosApp/backed-api-law2/vendor/laravel/framework/src/Illuminate/Container/BoundMethod.php(93): Illuminate\\Container\\Util::unwrapIfClosure(Object(Closure))
#36 /Applications/MAMP/htdocs/proyectos/aplicaciones web/abogadosApp/backed-api-law2/vendor/laravel/framework/src/Illuminate/Container/BoundMethod.php(35): Illuminate\\Container\\BoundMethod::callBoundMethod(Object(Illuminate\\Foundation\\Application), Array, Object(Closure))
#37 /Applications/MAMP/htdocs/proyectos/aplicaciones web/abogadosApp/backed-api-law2/vendor/laravel/framework/src/Illuminate/Container/Container.php(653): Illuminate\\Container\\BoundMethod::call(Object(Illuminate\\Foundation\\Application), Array, Array, NULL)
#38 /Applications/MAMP/htdocs/proyectos/aplicaciones web/abogadosApp/backed-api-law2/vendor/laravel/framework/src/Illuminate/Console/Command.php(136): Illuminate\\Container\\Container->call(Array)
#39 /Applications/MAMP/htdocs/proyectos/aplicaciones web/abogadosApp/backed-api-law2/vendor/symfony/console/Command/Command.php(298): Illuminate\\Console\\Command->execute(Object(Symfony\\Component\\Console\\Input\\ArrayInput), Object(Illuminate\\Console\\OutputStyle))
#40 /Applications/MAMP/htdocs/proyectos/aplicaciones web/abogadosApp/backed-api-law2/vendor/laravel/framework/src/Illuminate/Console/Command.php(120): Symfony\\Component\\Console\\Command\\Command->run(Object(Symfony\\Component\\Console\\Input\\ArrayInput), Object(Illuminate\\Console\\OutputStyle))
#41 /Applications/MAMP/htdocs/proyectos/aplicaciones web/abogadosApp/backed-api-law2/vendor/laravel/framework/src/Illuminate/Console/Concerns/CallsCommands.php(67): Illuminate\\Console\\Command->run(Object(Symfony\\Component\\Console\\Input\\ArrayInput), Object(Illuminate\\Console\\OutputStyle))
#42 /Applications/MAMP/htdocs/proyectos/aplicaciones web/abogadosApp/backed-api-law2/vendor/laravel/framework/src/Illuminate/Console/Concerns/CallsCommands.php(28): Illuminate\\Console\\Command->runCommand('db:seed', Array, Object(Illuminate\\Console\\OutputStyle))
#43 /Applications/MAMP/htdocs/proyectos/aplicaciones web/abogadosApp/backed-api-law2/vendor/laravel/framework/src/Illuminate/Database/Console/Migrations/RefreshCommand.php(135): Illuminate\\Console\\Command->call('db:seed', Array)
#44 /Applications/MAMP/htdocs/proyectos/aplicaciones web/abogadosApp/backed-api-law2/vendor/laravel/framework/src/Illuminate/Database/Console/Migrations/RefreshCommand.php(75): Illuminate\\Database\\Console\\Migrations\\RefreshCommand->runSeeder(NULL)
#45 /Applications/MAMP/htdocs/proyectos/aplicaciones web/abogadosApp/backed-api-law2/vendor/laravel/framework/src/Illuminate/Container/BoundMethod.php(36): Illuminate\\Database\\Console\\Migrations\\RefreshCommand->handle()
#46 /Applications/MAMP/htdocs/proyectos/aplicaciones web/abogadosApp/backed-api-law2/vendor/laravel/framework/src/Illuminate/Container/Util.php(40): Illuminate\\Container\\BoundMethod::{closure:Illuminate\\Container\\BoundMethod::call():35}()
#47 /Applications/MAMP/htdocs/proyectos/aplicaciones web/abogadosApp/backed-api-law2/vendor/laravel/framework/src/Illuminate/Container/BoundMethod.php(93): Illuminate\\Container\\Util::unwrapIfClosure(Object(Closure))
#48 /Applications/MAMP/htdocs/proyectos/aplicaciones web/abogadosApp/backed-api-law2/vendor/laravel/framework/src/Illuminate/Container/BoundMethod.php(35): Illuminate\\Container\\BoundMethod::callBoundMethod(Object(Illuminate\\Foundation\\Application), Array, Object(Closure))
#49 /Applications/MAMP/htdocs/proyectos/aplicaciones web/abogadosApp/backed-api-law2/vendor/laravel/framework/src/Illuminate/Container/Container.php(653): Illuminate\\Container\\BoundMethod::call(Object(Illuminate\\Foundation\\Application), Array, Array, NULL)
#50 /Applications/MAMP/htdocs/proyectos/aplicaciones web/abogadosApp/backed-api-law2/vendor/laravel/framework/src/Illuminate/Console/Command.php(136): Illuminate\\Container\\Container->call(Array)
#51 /Applications/MAMP/htdocs/proyectos/aplicaciones web/abogadosApp/backed-api-law2/vendor/symfony/console/Command/Command.php(298): Illuminate\\Console\\Command->execute(Object(Symfony\\Component\\Console\\Input\\ArgvInput), Object(Illuminate\\Console\\OutputStyle))
#52 /Applications/MAMP/htdocs/proyectos/aplicaciones web/abogadosApp/backed-api-law2/vendor/laravel/framework/src/Illuminate/Console/Command.php(120): Symfony\\Component\\Console\\Command\\Command->run(Object(Symfony\\Component\\Console\\Input\\ArgvInput), Object(Illuminate\\Console\\OutputStyle))
#53 /Applications/MAMP/htdocs/proyectos/aplicaciones web/abogadosApp/backed-api-law2/vendor/symfony/console/Application.php(1040): Illuminate\\Console\\Command->run(Object(Symfony\\Component\\Console\\Input\\ArgvInput), Object(Symfony\\Component\\Console\\Output\\ConsoleOutput))
#54 /Applications/MAMP/htdocs/proyectos/aplicaciones web/abogadosApp/backed-api-law2/vendor/symfony/console/Application.php(301): Symfony\\Component\\Console\\Application->doRunCommand(Object(Illuminate\\Database\\Console\\Migrations\\RefreshCommand), Object(Symfony\\Component\\Console\\Input\\ArgvInput), Object(Symfony\\Component\\Console\\Output\\ConsoleOutput))
#55 /Applications/MAMP/htdocs/proyectos/aplicaciones web/abogadosApp/backed-api-law2/vendor/symfony/console/Application.php(171): Symfony\\Component\\Console\\Application->doRun(Object(Symfony\\Component\\Console\\Input\\ArgvInput), Object(Symfony\\Component\\Console\\Output\\ConsoleOutput))
#56 /Applications/MAMP/htdocs/proyectos/aplicaciones web/abogadosApp/backed-api-law2/vendor/laravel/framework/src/Illuminate/Console/Application.php(94): Symfony\\Component\\Console\\Application->run(Object(Symfony\\Component\\Console\\Input\\ArgvInput), Object(Symfony\\Component\\Console\\Output\\ConsoleOutput))
#57 /Applications/MAMP/htdocs/proyectos/aplicaciones web/abogadosApp/backed-api-law2/vendor/laravel/framework/src/Illuminate/Foundation/Console/Kernel.php(129): Illuminate\\Console\\Application->run(Object(Symfony\\Component\\Console\\Input\\ArgvInput), Object(Symfony\\Component\\Console\\Output\\ConsoleOutput))
#58 /Applications/MAMP/htdocs/proyectos/aplicaciones web/abogadosApp/backed-api-law2/artisan(35): Illuminate\\Foundation\\Console\\Kernel->handle(Object(Symfony\\Component\\Console\\Input\\ArgvInput), Object(Symfony\\Component\\Console\\Output\\ConsoleOutput))
#59 {main}

[previous exception] [object] (PDOException(code: 23000): SQLSTATE[23000]: Integrity constraint violation: 1452 Cannot add or update a child row: a foreign key constraint fails (`api_rest_law2`.`tiposdepagos`, CONSTRAINT `tiposdepagos_user_id_foreign` FOREIGN KEY (`user_id`) REFERENCES `users` (`id`) ON DELETE SET NULL) at /Applications/MAMP/htdocs/proyectos/aplicaciones web/abogadosApp/backed-api-law2/vendor/laravel/framework/src/Illuminate/Database/Connection.php:501)
[stacktrace]
#0 /Applications/MAMP/htdocs/proyectos/aplicaciones web/abogadosApp/backed-api-law2/vendor/laravel/framework/src/Illuminate/Database/Connection.php(501): PDOStatement->execute()
#1 /Applications/MAMP/htdocs/proyectos/aplicaciones web/abogadosApp/backed-api-law2/vendor/laravel/framework/src/Illuminate/Database/Connection.php(705): Illuminate\\Database\\Connection->{closure:Illuminate\\Database\\Connection::statement():490}('insert into `ti...', Array)
#2 /Applications/MAMP/htdocs/proyectos/aplicaciones web/abogadosApp/backed-api-law2/vendor/laravel/framework/src/Illuminate/Database/Connection.php(672): Illuminate\\Database\\Connection->runQueryCallback('insert into `ti...', Array, Object(Closure))
#3 /Applications/MAMP/htdocs/proyectos/aplicaciones web/abogadosApp/backed-api-law2/vendor/laravel/framework/src/Illuminate/Database/Connection.php(490): Illuminate\\Database\\Connection->run('insert into `ti...', Array, Object(Closure))
#4 /Applications/MAMP/htdocs/proyectos/aplicaciones web/abogadosApp/backed-api-law2/vendor/laravel/framework/src/Illuminate/Database/Connection.php(454): Illuminate\\Database\\Connection->statement('insert into `ti...', Array)
#5 /Applications/MAMP/htdocs/proyectos/aplicaciones web/abogadosApp/backed-api-law2/vendor/laravel/framework/src/Illuminate/Database/Query/Processors/Processor.php(32): Illuminate\\Database\\Connection->insert('insert into `ti...', Array)
#6 /Applications/MAMP/htdocs/proyectos/aplicaciones web/abogadosApp/backed-api-law2/vendor/laravel/framework/src/Illuminate/Database/Query/Builder.php(3028): Illuminate\\Database\\Query\\Processors\\Processor->processInsertGetId(Object(Illuminate\\Database\\Query\\Builder), 'insert into `ti...', Array, 'id')
#7 /Applications/MAMP/htdocs/proyectos/aplicaciones web/abogadosApp/backed-api-law2/vendor/laravel/framework/src/Illuminate/Database/Eloquent/Builder.php(1657): Illuminate\\Database\\Query\\Builder->insertGetId(Array, 'id')
#8 /Applications/MAMP/htdocs/proyectos/aplicaciones web/abogadosApp/backed-api-law2/vendor/laravel/framework/src/Illuminate/Database/Eloquent/Model.php(1188): Illuminate\\Database\\Eloquent\\Builder->__call('insertGetId', Array)
#9 /Applications/MAMP/htdocs/proyectos/aplicaciones web/abogadosApp/backed-api-law2/vendor/laravel/framework/src/Illuminate/Database/Eloquent/Model.php(1153): Illuminate\\Database\\Eloquent\\Model->insertAndSetId(Object(Illuminate\\Database\\Eloquent\\Builder), Array)
#10 /Applications/MAMP/htdocs/proyectos/aplicaciones web/abogadosApp/backed-api-law2/vendor/laravel/framework/src/Illuminate/Database/Eloquent/Model.php(994): Illuminate\\Database\\Eloquent\\Model->performInsert(Object(Illuminate\\Database\\Eloquent\\Builder))
#11 /Applications/MAMP/htdocs/proyectos/aplicaciones web/abogadosApp/backed-api-law2/vendor/laravel/framework/src/Illuminate/Database/Eloquent/Builder.php(509): Illuminate\\Database\\Eloquent\\Model->save()
#12 /Applications/MAMP/htdocs/proyectos/aplicaciones web/abogadosApp/backed-api-law2/vendor/laravel/framework/src/Illuminate/Support/helpers.php(263): Illuminate\\Database\\Eloquent\\Builder->{closure:Illuminate\\Database\\Eloquent\\Builder::updateOrCreate():508}(Object(App\\Models\\Tiposdepago))
#13 /Applications/MAMP/htdocs/proyectos/aplicaciones web/abogadosApp/backed-api-law2/vendor/laravel/framework/src/Illuminate/Database/Eloquent/Builder.php(508): tap(Object(App\\Models\\Tiposdepago), Object(Closure))
#14 /Applications/MAMP/htdocs/proyectos/aplicaciones web/abogadosApp/backed-api-law2/vendor/laravel/framework/src/Illuminate/Support/Traits/ForwardsCalls.php(23): Illuminate\\Database\\Eloquent\\Builder->updateOrCreate(Array, Array)
#15 /Applications/MAMP/htdocs/proyectos/aplicaciones web/abogadosApp/backed-api-law2/vendor/laravel/framework/src/Illuminate/Database/Eloquent/Model.php(2132): Illuminate\\Database\\Eloquent\\Model->forwardCallTo(Object(Illuminate\\Database\\Eloquent\\Builder), 'updateOrCreate', Array)
#16 /Applications/MAMP/htdocs/proyectos/aplicaciones web/abogadosApp/backed-api-law2/vendor/laravel/framework/src/Illuminate/Database/Eloquent/Model.php(2144): Illuminate\\Database\\Eloquent\\Model->__call('updateOrCreate', Array)
#17 /Applications/MAMP/htdocs/proyectos/aplicaciones web/abogadosApp/backed-api-law2/database/seeders/TiposDePagoSeeder.php(131): Illuminate\\Database\\Eloquent\\Model::__callStatic('updateOrCreate', Array)
#18 /Applications/MAMP/htdocs/proyectos/aplicaciones web/abogadosApp/backed-api-law2/vendor/laravel/framework/src/Illuminate/Container/BoundMethod.php(36): Database\\Seeders\\TiposDePagoSeeder->run()
#19 /Applications/MAMP/htdocs/proyectos/aplicaciones web/abogadosApp/backed-api-law2/vendor/laravel/framework/src/Illuminate/Container/Util.php(40): Illuminate\\Container\\BoundMethod::{closure:Illuminate\\Container\\BoundMethod::call():35}()
#20 /Applications/MAMP/htdocs/proyectos/aplicaciones web/abogadosApp/backed-api-law2/vendor/laravel/framework/src/Illuminate/Container/BoundMethod.php(93): Illuminate\\Container\\Util::unwrapIfClosure(Object(Closure))
#21 /Applications/MAMP/htdocs/proyectos/aplicaciones web/abogadosApp/backed-api-law2/vendor/laravel/framework/src/Illuminate/Container/BoundMethod.php(35): Illuminate\\Container\\BoundMethod::callBoundMethod(Object(Illuminate\\Foundation\\Application), Array, Object(Closure))
#22 /Applications/MAMP/htdocs/proyectos/aplicaciones web/abogadosApp/backed-api-law2/vendor/laravel/framework/src/Illuminate/Container/Container.php(653): Illuminate\\Container\\BoundMethod::call(Object(Illuminate\\Foundation\\Application), Array, Array, NULL)
#23 /Applications/MAMP/htdocs/proyectos/aplicaciones web/abogadosApp/backed-api-law2/vendor/laravel/framework/src/Illuminate/Database/Seeder.php(149): Illuminate\\Container\\Container->call(Array, Array)
#24 /Applications/MAMP/htdocs/proyectos/aplicaciones web/abogadosApp/backed-api-law2/vendor/laravel/framework/src/Illuminate/Database/Seeder.php(49): Illuminate\\Database\\Seeder->__invoke(Array)
#25 /Applications/MAMP/htdocs/proyectos/aplicaciones web/abogadosApp/backed-api-law2/database/seeders/DatabaseSeeder.php(22): Illuminate\\Database\\Seeder->call('Database\\\\Seeder...')
#26 /Applications/MAMP/htdocs/proyectos/aplicaciones web/abogadosApp/backed-api-law2/vendor/laravel/framework/src/Illuminate/Container/BoundMethod.php(36): Database\\Seeders\\DatabaseSeeder->run()
#27 /Applications/MAMP/htdocs/proyectos/aplicaciones web/abogadosApp/backed-api-law2/vendor/laravel/framework/src/Illuminate/Container/Util.php(40): Illuminate\\Container\\BoundMethod::{closure:Illuminate\\Container\\BoundMethod::call():35}()
#28 /Applications/MAMP/htdocs/proyectos/aplicaciones web/abogadosApp/backed-api-law2/vendor/laravel/framework/src/Illuminate/Container/BoundMethod.php(93): Illuminate\\Container\\Util::unwrapIfClosure(Object(Closure))
#29 /Applications/MAMP/htdocs/proyectos/aplicaciones web/abogadosApp/backed-api-law2/vendor/laravel/framework/src/Illuminate/Container/BoundMethod.php(35): Illuminate\\Container\\BoundMethod::callBoundMethod(Object(Illuminate\\Foundation\\Application), Array, Object(Closure))
#30 /Applications/MAMP/htdocs/proyectos/aplicaciones web/abogadosApp/backed-api-law2/vendor/laravel/framework/src/Illuminate/Container/Container.php(653): Illuminate\\Container\\BoundMethod::call(Object(Illuminate\\Foundation\\Application), Array, Array, NULL)
#31 /Applications/MAMP/htdocs/proyectos/aplicaciones web/abogadosApp/backed-api-law2/vendor/laravel/framework/src/Illuminate/Database/Seeder.php(149): Illuminate\\Container\\Container->call(Array, Array)
#32 /Applications/MAMP/htdocs/proyectos/aplicaciones web/abogadosApp/backed-api-law2/vendor/laravel/framework/src/Illuminate/Database/Console/Seeds/SeedCommand.php(66): Illuminate\\Database\\Seeder->__invoke()
#33 /Applications/MAMP/htdocs/proyectos/aplicaciones web/abogadosApp/backed-api-law2/vendor/laravel/framework/src/Illuminate/Database/Eloquent/Concerns/GuardsAttributes.php(157): Illuminate\\Database\\Console\\Seeds\\SeedCommand->{closure:Illuminate\\Database\\Console\\Seeds\\SeedCommand::handle():65}()
#34 /Applications/MAMP/htdocs/proyectos/aplicaciones web/abogadosApp/backed-api-law2/vendor/laravel/framework/src/Illuminate/Database/Console/Seeds/SeedCommand.php(65): Illuminate\\Database\\Eloquent\\Model::unguarded(Object(Closure))
#35 /Applications/MAMP/htdocs/proyectos/aplicaciones web/abogadosApp/backed-api-law2/vendor/laravel/framework/src/Illuminate/Container/BoundMethod.php(36): Illuminate\\Database\\Console\\Seeds\\SeedCommand->handle()
#36 /Applications/MAMP/htdocs/proyectos/aplicaciones web/abogadosApp/backed-api-law2/vendor/laravel/framework/src/Illuminate/Container/Util.php(40): Illuminate\\Container\\BoundMethod::{closure:Illuminate\\Container\\BoundMethod::call():35}()
#37 /Applications/MAMP/htdocs/proyectos/aplicaciones web/abogadosApp/backed-api-law2/vendor/laravel/framework/src/Illuminate/Container/BoundMethod.php(93): Illuminate\\Container\\Util::unwrapIfClosure(Object(Closure))
#38 /Applications/MAMP/htdocs/proyectos/aplicaciones web/abogadosApp/backed-api-law2/vendor/laravel/framework/src/Illuminate/Container/BoundMethod.php(35): Illuminate\\Container\\BoundMethod::callBoundMethod(Object(Illuminate\\Foundation\\Application), Array, Object(Closure))
#39 /Applications/MAMP/htdocs/proyectos/aplicaciones web/abogadosApp/backed-api-law2/vendor/laravel/framework/src/Illuminate/Container/Container.php(653): Illuminate\\Container\\BoundMethod::call(Object(Illuminate\\Foundation\\Application), Array, Array, NULL)
#40 /Applications/MAMP/htdocs/proyectos/aplicaciones web/abogadosApp/backed-api-law2/vendor/laravel/framework/src/Illuminate/Console/Command.php(136): Illuminate\\Container\\Container->call(Array)
#41 /Applications/MAMP/htdocs/proyectos/aplicaciones web/abogadosApp/backed-api-law2/vendor/symfony/console/Command/Command.php(298): Illuminate\\Console\\Command->execute(Object(Symfony\\Component\\Console\\Input\\ArrayInput), Object(Illuminate\\Console\\OutputStyle))
#42 /Applications/MAMP/htdocs/proyectos/aplicaciones web/abogadosApp/backed-api-law2/vendor/laravel/framework/src/Illuminate/Console/Command.php(120): Symfony\\Component\\Console\\Command\\Command->run(Object(Symfony\\Component\\Console\\Input\\ArrayInput), Object(Illuminate\\Console\\OutputStyle))
#43 /Applications/MAMP/htdocs/proyectos/aplicaciones web/abogadosApp/backed-api-law2/vendor/laravel/framework/src/Illuminate/Console/Concerns/CallsCommands.php(67): Illuminate\\Console\\Command->run(Object(Symfony\\Component\\Console\\Input\\ArrayInput), Object(Illuminate\\Console\\OutputStyle))
#44 /Applications/MAMP/htdocs/proyectos/aplicaciones web/abogadosApp/backed-api-law2/vendor/laravel/framework/src/Illuminate/Console/Concerns/CallsCommands.php(28): Illuminate\\Console\\Command->runCommand('db:seed', Array, Object(Illuminate\\Console\\OutputStyle))
#45 /Applications/MAMP/htdocs/proyectos/aplicaciones web/abogadosApp/backed-api-law2/vendor/laravel/framework/src/Illuminate/Database/Console/Migrations/RefreshCommand.php(135): Illuminate\\Console\\Command->call('db:seed', Array)
#46 /Applications/MAMP/htdocs/proyectos/aplicaciones web/abogadosApp/backed-api-law2/vendor/laravel/framework/src/Illuminate/Database/Console/Migrations/RefreshCommand.php(75): Illuminate\\Database\\Console\\Migrations\\RefreshCommand->runSeeder(NULL)
#47 /Applications/MAMP/htdocs/proyectos/aplicaciones web/abogadosApp/backed-api-law2/vendor/laravel/framework/src/Illuminate/Container/BoundMethod.php(36): Illuminate\\Database\\Console\\Migrations\\RefreshCommand->handle()
#48 /Applications/MAMP/htdocs/proyectos/aplicaciones web/abogadosApp/backed-api-law2/vendor/laravel/framework/src/Illuminate/Container/Util.php(40): Illuminate\\Container\\BoundMethod::{closure:Illuminate\\Container\\BoundMethod::call():35}()
#49 /Applications/MAMP/htdocs/proyectos/aplicaciones web/abogadosApp/backed-api-law2/vendor/laravel/framework/src/Illuminate/Container/BoundMethod.php(93): Illuminate\\Container\\Util::unwrapIfClosure(Object(Closure))
#50 /Applications/MAMP/htdocs/proyectos/aplicaciones web/abogadosApp/backed-api-law2/vendor/laravel/framework/src/Illuminate/Container/BoundMethod.php(35): Illuminate\\Container\\BoundMethod::callBoundMethod(Object(Illuminate\\Foundation\\Application), Array, Object(Closure))
#51 /Applications/MAMP/htdocs/proyectos/aplicaciones web/abogadosApp/backed-api-law2/vendor/laravel/framework/src/Illuminate/Container/Container.php(653): Illuminate\\Container\\BoundMethod::call(Object(Illuminate\\Foundation\\Application), Array, Array, NULL)
#52 /Applications/MAMP/htdocs/proyectos/aplicaciones web/abogadosApp/backed-api-law2/vendor/laravel/framework/src/Illuminate/Console/Command.php(136): Illuminate\\Container\\Container->call(Array)
#53 /Applications/MAMP/htdocs/proyectos/aplicaciones web/abogadosApp/backed-api-law2/vendor/symfony/console/Command/Command.php(298): Illuminate\\Console\\Command->execute(Object(Symfony\\Component\\Console\\Input\\ArgvInput), Object(Illuminate\\Console\\OutputStyle))
#54 /Applications/MAMP/htdocs/proyectos/aplicaciones web/abogadosApp/backed-api-law2/vendor/laravel/framework/src/Illuminate/Console/Command.php(120): Symfony\\Component\\Console\\Command\\Command->run(Object(Symfony\\Component\\Console\\Input\\ArgvInput), Object(Illuminate\\Console\\OutputStyle))
#55 /Applications/MAMP/htdocs/proyectos/aplicaciones web/abogadosApp/backed-api-law2/vendor/symfony/console/Application.php(1040): Illuminate\\Console\\Command->run(Object(Symfony\\Component\\Console\\Input\\ArgvInput), Object(Symfony\\Component\\Console\\Output\\ConsoleOutput))
#56 /Applications/MAMP/htdocs/proyectos/aplicaciones web/abogadosApp/backed-api-law2/vendor/symfony/console/Application.php(301): Symfony\\Component\\Console\\Application->doRunCommand(Object(Illuminate\\Database\\Console\\Migrations\\RefreshCommand), Object(Symfony\\Component\\Console\\Input\\ArgvInput), Object(Symfony\\Component\\Console\\Output\\ConsoleOutput))
#57 /Applications/MAMP/htdocs/proyectos/aplicaciones web/abogadosApp/backed-api-law2/vendor/symfony/console/Application.php(171): Symfony\\Component\\Console\\Application->doRun(Object(Symfony\\Component\\Console\\Input\\ArgvInput), Object(Symfony\\Component\\Console\\Output\\ConsoleOutput))
#58 /Applications/MAMP/htdocs/proyectos/aplicaciones web/abogadosApp/backed-api-law2/vendor/laravel/framework/src/Illuminate/Console/Application.php(94): Symfony\\Component\\Console\\Application->run(Object(Symfony\\Component\\Console\\Input\\ArgvInput), Object(Symfony\\Component\\Console\\Output\\ConsoleOutput))
#59 /Applications/MAMP/htdocs/proyectos/aplicaciones web/abogadosApp/backed-api-law2/vendor/laravel/framework/src/Illuminate/Foundation/Console/Kernel.php(129): Illuminate\\Console\\Application->run(Object(Symfony\\Component\\Console\\Input\\ArgvInput), Object(Symfony\\Component\\Console\\Output\\ConsoleOutput))
#60 /Applications/MAMP/htdocs/proyectos/aplicaciones web/abogadosApp/backed-api-law2/artisan(35): Illuminate\\Foundation\\Console\\Kernel->handle(Object(Symfony\\Component\\Console\\Input\\ArgvInput), Object(Symfony\\Component\\Console\\Output\\ConsoleOutput))
#61 {main}
"} 
