[2025-04-09 00:57:20] local.ERROR: Call to undefined function App\Http\Controllers\first() {"exception":"[object] (Error(code: 0): Call to undefined function App\\Http\\Controllers\\first() at /Applications/MAMP/htdocs/proyectos/aplicaciones web/abogadosApp/backed-api-law2/app/Http/Controllers/SolicitudesController.php:79)
[stacktrace]
#0 /Applications/MAMP/htdocs/proyectos/aplicaciones web/abogadosApp/backed-api-law2/vendor/laravel/framework/src/Illuminate/Routing/Controller.php(54): App\\Http\\Controllers\\SolicitudesController->getByCliente('5')
#1 /Applications/MAMP/htdocs/proyectos/aplicaciones web/abogadosApp/backed-api-law2/vendor/laravel/framework/src/Illuminate/Routing/ControllerDispatcher.php(45): Illuminate\\Routing\\Controller->callAction('getByCliente', Array)
#2 /Applications/MAMP/htdocs/proyectos/aplicaciones web/abogadosApp/backed-api-law2/vendor/laravel/framework/src/Illuminate/Routing/Route.php(261): Illuminate\\Routing\\ControllerDispatcher->dispatch(Object(Illuminate\\Routing\\Route), Object(App\\Http\\Controllers\\SolicitudesController), 'getByCliente')
#3 /Applications/MAMP/htdocs/proyectos/aplicaciones web/abogadosApp/backed-api-law2/vendor/laravel/framework/src/Illuminate/Routing/Route.php(205): Illuminate\\Routing\\Route->runController()
#4 /Applications/MAMP/htdocs/proyectos/aplicaciones web/abogadosApp/backed-api-law2/vendor/laravel/framework/src/Illuminate/Routing/Router.php(721): Illuminate\\Routing\\Route->run()
#5 /Applications/MAMP/htdocs/proyectos/aplicaciones web/abogadosApp/backed-api-law2/vendor/laravel/framework/src/Illuminate/Pipeline/Pipeline.php(128): Illuminate\\Routing\\Router->{closure:Illuminate\\Routing\\Router::runRouteWithinStack():719}(Object(Illuminate\\Http\\Request))
#6 /Applications/MAMP/htdocs/proyectos/aplicaciones web/abogadosApp/backed-api-law2/vendor/laravel/framework/src/Illuminate/Routing/Middleware/SubstituteBindings.php(50): Illuminate\\Pipeline\\Pipeline->{closure:Illuminate\\Pipeline\\Pipeline::prepareDestination():126}(Object(Illuminate\\Http\\Request))
#7 /Applications/MAMP/htdocs/proyectos/aplicaciones web/abogadosApp/backed-api-law2/vendor/laravel/framework/src/Illuminate/Pipeline/Pipeline.php(167): Illuminate\\Routing\\Middleware\\SubstituteBindings->handle(Object(Illuminate\\Http\\Request), Object(Closure))
#8 /Applications/MAMP/htdocs/proyectos/aplicaciones web/abogadosApp/backed-api-law2/vendor/laravel/framework/src/Illuminate/Routing/Middleware/ThrottleRequests.php(127): Illuminate\\Pipeline\\Pipeline->{closure:{closure:Illuminate\\Pipeline\\Pipeline::carry():142}:143}(Object(Illuminate\\Http\\Request))
#9 /Applications/MAMP/htdocs/proyectos/aplicaciones web/abogadosApp/backed-api-law2/vendor/laravel/framework/src/Illuminate/Routing/Middleware/ThrottleRequests.php(93): Illuminate\\Routing\\Middleware\\ThrottleRequests->handleRequest(Object(Illuminate\\Http\\Request), Object(Closure), Array)
#10 /Applications/MAMP/htdocs/proyectos/aplicaciones web/abogadosApp/backed-api-law2/vendor/laravel/framework/src/Illuminate/Routing/Middleware/ThrottleRequests.php(55): Illuminate\\Routing\\Middleware\\ThrottleRequests->handleRequestUsingNamedLimiter(Object(Illuminate\\Http\\Request), Object(Closure), 'api', Object(Closure))
#11 /Applications/MAMP/htdocs/proyectos/aplicaciones web/abogadosApp/backed-api-law2/vendor/laravel/framework/src/Illuminate/Pipeline/Pipeline.php(167): Illuminate\\Routing\\Middleware\\ThrottleRequests->handle(Object(Illuminate\\Http\\Request), Object(Closure), 'api')
#12 /Applications/MAMP/htdocs/proyectos/aplicaciones web/abogadosApp/backed-api-law2/vendor/laravel/framework/src/Illuminate/Pipeline/Pipeline.php(103): Illuminate\\Pipeline\\Pipeline->{closure:{closure:Illuminate\\Pipeline\\Pipeline::carry():142}:143}(Object(Illuminate\\Http\\Request))
#13 /Applications/MAMP/htdocs/proyectos/aplicaciones web/abogadosApp/backed-api-law2/vendor/laravel/framework/src/Illuminate/Routing/Router.php(719): Illuminate\\Pipeline\\Pipeline->then(Object(Closure))
#14 /Applications/MAMP/htdocs/proyectos/aplicaciones web/abogadosApp/backed-api-law2/vendor/laravel/framework/src/Illuminate/Routing/Router.php(698): Illuminate\\Routing\\Router->runRouteWithinStack(Object(Illuminate\\Routing\\Route), Object(Illuminate\\Http\\Request))
#15 /Applications/MAMP/htdocs/proyectos/aplicaciones web/abogadosApp/backed-api-law2/vendor/laravel/framework/src/Illuminate/Routing/Router.php(662): Illuminate\\Routing\\Router->runRoute(Object(Illuminate\\Http\\Request), Object(Illuminate\\Routing\\Route))
#16 /Applications/MAMP/htdocs/proyectos/aplicaciones web/abogadosApp/backed-api-law2/vendor/laravel/framework/src/Illuminate/Routing/Router.php(651): Illuminate\\Routing\\Router->dispatchToRoute(Object(Illuminate\\Http\\Request))
#17 /Applications/MAMP/htdocs/proyectos/aplicaciones web/abogadosApp/backed-api-law2/vendor/laravel/framework/src/Illuminate/Foundation/Http/Kernel.php(167): Illuminate\\Routing\\Router->dispatch(Object(Illuminate\\Http\\Request))
#18 /Applications/MAMP/htdocs/proyectos/aplicaciones web/abogadosApp/backed-api-law2/vendor/laravel/framework/src/Illuminate/Pipeline/Pipeline.php(128): Illuminate\\Foundation\\Http\\Kernel->{closure:Illuminate\\Foundation\\Http\\Kernel::dispatchToRouter():164}(Object(Illuminate\\Http\\Request))
#19 /Applications/MAMP/htdocs/proyectos/aplicaciones web/abogadosApp/backed-api-law2/vendor/laravel/framework/src/Illuminate/Foundation/Http/Middleware/TransformsRequest.php(21): Illuminate\\Pipeline\\Pipeline->{closure:Illuminate\\Pipeline\\Pipeline::prepareDestination():126}(Object(Illuminate\\Http\\Request))
#20 /Applications/MAMP/htdocs/proyectos/aplicaciones web/abogadosApp/backed-api-law2/vendor/laravel/framework/src/Illuminate/Foundation/Http/Middleware/ConvertEmptyStringsToNull.php(31): Illuminate\\Foundation\\Http\\Middleware\\TransformsRequest->handle(Object(Illuminate\\Http\\Request), Object(Closure))
#21 /Applications/MAMP/htdocs/proyectos/aplicaciones web/abogadosApp/backed-api-law2/vendor/laravel/framework/src/Illuminate/Pipeline/Pipeline.php(167): Illuminate\\Foundation\\Http\\Middleware\\ConvertEmptyStringsToNull->handle(Object(Illuminate\\Http\\Request), Object(Closure))
#22 /Applications/MAMP/htdocs/proyectos/aplicaciones web/abogadosApp/backed-api-law2/vendor/laravel/framework/src/Illuminate/Foundation/Http/Middleware/TransformsRequest.php(21): Illuminate\\Pipeline\\Pipeline->{closure:{closure:Illuminate\\Pipeline\\Pipeline::carry():142}:143}(Object(Illuminate\\Http\\Request))
#23 /Applications/MAMP/htdocs/proyectos/aplicaciones web/abogadosApp/backed-api-law2/vendor/laravel/framework/src/Illuminate/Foundation/Http/Middleware/TrimStrings.php(40): Illuminate\\Foundation\\Http\\Middleware\\TransformsRequest->handle(Object(Illuminate\\Http\\Request), Object(Closure))
#24 /Applications/MAMP/htdocs/proyectos/aplicaciones web/abogadosApp/backed-api-law2/vendor/laravel/framework/src/Illuminate/Pipeline/Pipeline.php(167): Illuminate\\Foundation\\Http\\Middleware\\TrimStrings->handle(Object(Illuminate\\Http\\Request), Object(Closure))
#25 /Applications/MAMP/htdocs/proyectos/aplicaciones web/abogadosApp/backed-api-law2/vendor/laravel/framework/src/Illuminate/Foundation/Http/Middleware/ValidatePostSize.php(27): Illuminate\\Pipeline\\Pipeline->{closure:{closure:Illuminate\\Pipeline\\Pipeline::carry():142}:143}(Object(Illuminate\\Http\\Request))
#26 /Applications/MAMP/htdocs/proyectos/aplicaciones web/abogadosApp/backed-api-law2/vendor/laravel/framework/src/Illuminate/Pipeline/Pipeline.php(167): Illuminate\\Foundation\\Http\\Middleware\\ValidatePostSize->handle(Object(Illuminate\\Http\\Request), Object(Closure))
#27 /Applications/MAMP/htdocs/proyectos/aplicaciones web/abogadosApp/backed-api-law2/vendor/laravel/framework/src/Illuminate/Foundation/Http/Middleware/PreventRequestsDuringMaintenance.php(86): Illuminate\\Pipeline\\Pipeline->{closure:{closure:Illuminate\\Pipeline\\Pipeline::carry():142}:143}(Object(Illuminate\\Http\\Request))
#28 /Applications/MAMP/htdocs/proyectos/aplicaciones web/abogadosApp/backed-api-law2/vendor/laravel/framework/src/Illuminate/Pipeline/Pipeline.php(167): Illuminate\\Foundation\\Http\\Middleware\\PreventRequestsDuringMaintenance->handle(Object(Illuminate\\Http\\Request), Object(Closure))
#29 /Applications/MAMP/htdocs/proyectos/aplicaciones web/abogadosApp/backed-api-law2/vendor/fruitcake/laravel-cors/src/HandleCors.php(52): Illuminate\\Pipeline\\Pipeline->{closure:{closure:Illuminate\\Pipeline\\Pipeline::carry():142}:143}(Object(Illuminate\\Http\\Request))
#30 /Applications/MAMP/htdocs/proyectos/aplicaciones web/abogadosApp/backed-api-law2/vendor/laravel/framework/src/Illuminate/Pipeline/Pipeline.php(167): Fruitcake\\Cors\\HandleCors->handle(Object(Illuminate\\Http\\Request), Object(Closure))
#31 /Applications/MAMP/htdocs/proyectos/aplicaciones web/abogadosApp/backed-api-law2/vendor/laravel/framework/src/Illuminate/Http/Middleware/TrustProxies.php(39): Illuminate\\Pipeline\\Pipeline->{closure:{closure:Illuminate\\Pipeline\\Pipeline::carry():142}:143}(Object(Illuminate\\Http\\Request))
#32 /Applications/MAMP/htdocs/proyectos/aplicaciones web/abogadosApp/backed-api-law2/vendor/laravel/framework/src/Illuminate/Pipeline/Pipeline.php(167): Illuminate\\Http\\Middleware\\TrustProxies->handle(Object(Illuminate\\Http\\Request), Object(Closure))
#33 /Applications/MAMP/htdocs/proyectos/aplicaciones web/abogadosApp/backed-api-law2/vendor/laravel/framework/src/Illuminate/Pipeline/Pipeline.php(103): Illuminate\\Pipeline\\Pipeline->{closure:{closure:Illuminate\\Pipeline\\Pipeline::carry():142}:143}(Object(Illuminate\\Http\\Request))
#34 /Applications/MAMP/htdocs/proyectos/aplicaciones web/abogadosApp/backed-api-law2/vendor/laravel/framework/src/Illuminate/Foundation/Http/Kernel.php(142): Illuminate\\Pipeline\\Pipeline->then(Object(Closure))
#35 /Applications/MAMP/htdocs/proyectos/aplicaciones web/abogadosApp/backed-api-law2/vendor/laravel/framework/src/Illuminate/Foundation/Http/Kernel.php(111): Illuminate\\Foundation\\Http\\Kernel->sendRequestThroughRouter(Object(Illuminate\\Http\\Request))
#36 /Applications/MAMP/htdocs/proyectos/aplicaciones web/abogadosApp/backed-api-law2/public/index.php(51): Illuminate\\Foundation\\Http\\Kernel->handle(Object(Illuminate\\Http\\Request))
#37 /Applications/MAMP/htdocs/proyectos/aplicaciones web/abogadosApp/backed-api-law2/server.php(21): require_once('/Applications/M...')
#38 {main}
"} 
[2025-04-09 17:17:30] local.ERROR: Uncaught ReflectionException: Class "Spatie\Permission\Middlewares\RoleMiddleware" does not exist in Command line code:1
Stack trace:
#0 Command line code(1): ReflectionMethod->__construct('Spatie\\Permissi...', 'handle')
#1 {main}
  thrown {"exception":"[object] (Symfony\\Component\\ErrorHandler\\Error\\FatalError(code: 0): Uncaught ReflectionException: Class \"Spatie\\Permission\\Middlewares\\RoleMiddleware\" does not exist in Command line code:1
Stack trace:
#0 Command line code(1): ReflectionMethod->__construct('Spatie\\\\Permissi...', 'handle')
#1 {main}
  thrown at Command line code:1)
[stacktrace]
#0 {main}
"} 
[2025-04-09 15:02:50] local.ERROR: SQLSTATE[23000]: Integrity constraint violation: 1048 Column 'status' cannot be null (SQL: update `profiles` set `status` = ?, `profiles`.`updated_at` = 2025-04-09 15:02:50 where `id` = 3) {"exception":"[object] (Illuminate\\Database\\QueryException(code: 23000): SQLSTATE[23000]: Integrity constraint violation: 1048 Column 'status' cannot be null (SQL: update `profiles` set `status` = ?, `profiles`.`updated_at` = 2025-04-09 15:02:50 where `id` = 3) at /Applications/MAMP/htdocs/proyectos/aplicaciones web/abogadosApp/backed-api-law2/vendor/laravel/framework/src/Illuminate/Database/Connection.php:712)
[stacktrace]
#0 /Applications/MAMP/htdocs/proyectos/aplicaciones web/abogadosApp/backed-api-law2/vendor/laravel/framework/src/Illuminate/Database/Connection.php(672): Illuminate\\Database\\Connection->runQueryCallback('update `profile...', Array, Object(Closure))
#1 /Applications/MAMP/htdocs/proyectos/aplicaciones web/abogadosApp/backed-api-law2/vendor/laravel/framework/src/Illuminate/Database/Connection.php(514): Illuminate\\Database\\Connection->run('update `profile...', Array, Object(Closure))
#2 /Applications/MAMP/htdocs/proyectos/aplicaciones web/abogadosApp/backed-api-law2/vendor/laravel/framework/src/Illuminate/Database/Connection.php(466): Illuminate\\Database\\Connection->affectingStatement('update `profile...', Array)
#3 /Applications/MAMP/htdocs/proyectos/aplicaciones web/abogadosApp/backed-api-law2/vendor/laravel/framework/src/Illuminate/Database/Query/Builder.php(3062): Illuminate\\Database\\Connection->update('update `profile...', Array)
#4 /Applications/MAMP/htdocs/proyectos/aplicaciones web/abogadosApp/backed-api-law2/vendor/laravel/framework/src/Illuminate/Database/Eloquent/Builder.php(921): Illuminate\\Database\\Query\\Builder->update(Array)
#5 /Applications/MAMP/htdocs/proyectos/aplicaciones web/abogadosApp/backed-api-law2/vendor/laravel/framework/src/Illuminate/Database/Eloquent/Model.php(1072): Illuminate\\Database\\Eloquent\\Builder->update(Array)
#6 /Applications/MAMP/htdocs/proyectos/aplicaciones web/abogadosApp/backed-api-law2/vendor/laravel/framework/src/Illuminate/Database/Eloquent/Model.php(987): Illuminate\\Database\\Eloquent\\Model->performUpdate(Object(Illuminate\\Database\\Eloquent\\Builder))
#7 /Applications/MAMP/htdocs/proyectos/aplicaciones web/abogadosApp/backed-api-law2/vendor/laravel/framework/src/Illuminate/Database/Eloquent/Model.php(885): Illuminate\\Database\\Eloquent\\Model->save(Array)
#8 /Applications/MAMP/htdocs/proyectos/aplicaciones web/abogadosApp/backed-api-law2/app/Http/Controllers/ProfileController.php(172): Illuminate\\Database\\Eloquent\\Model->update()
#9 /Applications/MAMP/htdocs/proyectos/aplicaciones web/abogadosApp/backed-api-law2/vendor/laravel/framework/src/Illuminate/Routing/Controller.php(54): App\\Http\\Controllers\\ProfileController->updateStatus(Object(Illuminate\\Http\\Request), '3')
#10 /Applications/MAMP/htdocs/proyectos/aplicaciones web/abogadosApp/backed-api-law2/vendor/laravel/framework/src/Illuminate/Routing/ControllerDispatcher.php(45): Illuminate\\Routing\\Controller->callAction('updateStatus', Array)
#11 /Applications/MAMP/htdocs/proyectos/aplicaciones web/abogadosApp/backed-api-law2/vendor/laravel/framework/src/Illuminate/Routing/Route.php(261): Illuminate\\Routing\\ControllerDispatcher->dispatch(Object(Illuminate\\Routing\\Route), Object(App\\Http\\Controllers\\ProfileController), 'updateStatus')
#12 /Applications/MAMP/htdocs/proyectos/aplicaciones web/abogadosApp/backed-api-law2/vendor/laravel/framework/src/Illuminate/Routing/Route.php(205): Illuminate\\Routing\\Route->runController()
#13 /Applications/MAMP/htdocs/proyectos/aplicaciones web/abogadosApp/backed-api-law2/vendor/laravel/framework/src/Illuminate/Routing/Router.php(721): Illuminate\\Routing\\Route->run()
#14 /Applications/MAMP/htdocs/proyectos/aplicaciones web/abogadosApp/backed-api-law2/vendor/laravel/framework/src/Illuminate/Pipeline/Pipeline.php(128): Illuminate\\Routing\\Router->{closure:Illuminate\\Routing\\Router::runRouteWithinStack():719}(Object(Illuminate\\Http\\Request))
#15 /Applications/MAMP/htdocs/proyectos/aplicaciones web/abogadosApp/backed-api-law2/vendor/laravel/framework/src/Illuminate/Routing/Middleware/SubstituteBindings.php(50): Illuminate\\Pipeline\\Pipeline->{closure:Illuminate\\Pipeline\\Pipeline::prepareDestination():126}(Object(Illuminate\\Http\\Request))
#16 /Applications/MAMP/htdocs/proyectos/aplicaciones web/abogadosApp/backed-api-law2/vendor/laravel/framework/src/Illuminate/Pipeline/Pipeline.php(167): Illuminate\\Routing\\Middleware\\SubstituteBindings->handle(Object(Illuminate\\Http\\Request), Object(Closure))
#17 /Applications/MAMP/htdocs/proyectos/aplicaciones web/abogadosApp/backed-api-law2/vendor/laravel/framework/src/Illuminate/Routing/Middleware/ThrottleRequests.php(127): Illuminate\\Pipeline\\Pipeline->{closure:{closure:Illuminate\\Pipeline\\Pipeline::carry():142}:143}(Object(Illuminate\\Http\\Request))
#18 /Applications/MAMP/htdocs/proyectos/aplicaciones web/abogadosApp/backed-api-law2/vendor/laravel/framework/src/Illuminate/Routing/Middleware/ThrottleRequests.php(93): Illuminate\\Routing\\Middleware\\ThrottleRequests->handleRequest(Object(Illuminate\\Http\\Request), Object(Closure), Array)
#19 /Applications/MAMP/htdocs/proyectos/aplicaciones web/abogadosApp/backed-api-law2/vendor/laravel/framework/src/Illuminate/Routing/Middleware/ThrottleRequests.php(55): Illuminate\\Routing\\Middleware\\ThrottleRequests->handleRequestUsingNamedLimiter(Object(Illuminate\\Http\\Request), Object(Closure), 'api', Object(Closure))
#20 /Applications/MAMP/htdocs/proyectos/aplicaciones web/abogadosApp/backed-api-law2/vendor/laravel/framework/src/Illuminate/Pipeline/Pipeline.php(167): Illuminate\\Routing\\Middleware\\ThrottleRequests->handle(Object(Illuminate\\Http\\Request), Object(Closure), 'api')
#21 /Applications/MAMP/htdocs/proyectos/aplicaciones web/abogadosApp/backed-api-law2/vendor/laravel/framework/src/Illuminate/Pipeline/Pipeline.php(103): Illuminate\\Pipeline\\Pipeline->{closure:{closure:Illuminate\\Pipeline\\Pipeline::carry():142}:143}(Object(Illuminate\\Http\\Request))
#22 /Applications/MAMP/htdocs/proyectos/aplicaciones web/abogadosApp/backed-api-law2/vendor/laravel/framework/src/Illuminate/Routing/Router.php(719): Illuminate\\Pipeline\\Pipeline->then(Object(Closure))
#23 /Applications/MAMP/htdocs/proyectos/aplicaciones web/abogadosApp/backed-api-law2/vendor/laravel/framework/src/Illuminate/Routing/Router.php(698): Illuminate\\Routing\\Router->runRouteWithinStack(Object(Illuminate\\Routing\\Route), Object(Illuminate\\Http\\Request))
#24 /Applications/MAMP/htdocs/proyectos/aplicaciones web/abogadosApp/backed-api-law2/vendor/laravel/framework/src/Illuminate/Routing/Router.php(662): Illuminate\\Routing\\Router->runRoute(Object(Illuminate\\Http\\Request), Object(Illuminate\\Routing\\Route))
#25 /Applications/MAMP/htdocs/proyectos/aplicaciones web/abogadosApp/backed-api-law2/vendor/laravel/framework/src/Illuminate/Routing/Router.php(651): Illuminate\\Routing\\Router->dispatchToRoute(Object(Illuminate\\Http\\Request))
#26 /Applications/MAMP/htdocs/proyectos/aplicaciones web/abogadosApp/backed-api-law2/vendor/laravel/framework/src/Illuminate/Foundation/Http/Kernel.php(167): Illuminate\\Routing\\Router->dispatch(Object(Illuminate\\Http\\Request))
#27 /Applications/MAMP/htdocs/proyectos/aplicaciones web/abogadosApp/backed-api-law2/vendor/laravel/framework/src/Illuminate/Pipeline/Pipeline.php(128): Illuminate\\Foundation\\Http\\Kernel->{closure:Illuminate\\Foundation\\Http\\Kernel::dispatchToRouter():164}(Object(Illuminate\\Http\\Request))
#28 /Applications/MAMP/htdocs/proyectos/aplicaciones web/abogadosApp/backed-api-law2/vendor/laravel/framework/src/Illuminate/Foundation/Http/Middleware/TransformsRequest.php(21): Illuminate\\Pipeline\\Pipeline->{closure:Illuminate\\Pipeline\\Pipeline::prepareDestination():126}(Object(Illuminate\\Http\\Request))
#29 /Applications/MAMP/htdocs/proyectos/aplicaciones web/abogadosApp/backed-api-law2/vendor/laravel/framework/src/Illuminate/Foundation/Http/Middleware/ConvertEmptyStringsToNull.php(31): Illuminate\\Foundation\\Http\\Middleware\\TransformsRequest->handle(Object(Illuminate\\Http\\Request), Object(Closure))
#30 /Applications/MAMP/htdocs/proyectos/aplicaciones web/abogadosApp/backed-api-law2/vendor/laravel/framework/src/Illuminate/Pipeline/Pipeline.php(167): Illuminate\\Foundation\\Http\\Middleware\\ConvertEmptyStringsToNull->handle(Object(Illuminate\\Http\\Request), Object(Closure))
#31 /Applications/MAMP/htdocs/proyectos/aplicaciones web/abogadosApp/backed-api-law2/vendor/laravel/framework/src/Illuminate/Foundation/Http/Middleware/TransformsRequest.php(21): Illuminate\\Pipeline\\Pipeline->{closure:{closure:Illuminate\\Pipeline\\Pipeline::carry():142}:143}(Object(Illuminate\\Http\\Request))
#32 /Applications/MAMP/htdocs/proyectos/aplicaciones web/abogadosApp/backed-api-law2/vendor/laravel/framework/src/Illuminate/Foundation/Http/Middleware/TrimStrings.php(40): Illuminate\\Foundation\\Http\\Middleware\\TransformsRequest->handle(Object(Illuminate\\Http\\Request), Object(Closure))
#33 /Applications/MAMP/htdocs/proyectos/aplicaciones web/abogadosApp/backed-api-law2/vendor/laravel/framework/src/Illuminate/Pipeline/Pipeline.php(167): Illuminate\\Foundation\\Http\\Middleware\\TrimStrings->handle(Object(Illuminate\\Http\\Request), Object(Closure))
#34 /Applications/MAMP/htdocs/proyectos/aplicaciones web/abogadosApp/backed-api-law2/vendor/laravel/framework/src/Illuminate/Foundation/Http/Middleware/ValidatePostSize.php(27): Illuminate\\Pipeline\\Pipeline->{closure:{closure:Illuminate\\Pipeline\\Pipeline::carry():142}:143}(Object(Illuminate\\Http\\Request))
#35 /Applications/MAMP/htdocs/proyectos/aplicaciones web/abogadosApp/backed-api-law2/vendor/laravel/framework/src/Illuminate/Pipeline/Pipeline.php(167): Illuminate\\Foundation\\Http\\Middleware\\ValidatePostSize->handle(Object(Illuminate\\Http\\Request), Object(Closure))
#36 /Applications/MAMP/htdocs/proyectos/aplicaciones web/abogadosApp/backed-api-law2/vendor/laravel/framework/src/Illuminate/Foundation/Http/Middleware/PreventRequestsDuringMaintenance.php(86): Illuminate\\Pipeline\\Pipeline->{closure:{closure:Illuminate\\Pipeline\\Pipeline::carry():142}:143}(Object(Illuminate\\Http\\Request))
#37 /Applications/MAMP/htdocs/proyectos/aplicaciones web/abogadosApp/backed-api-law2/vendor/laravel/framework/src/Illuminate/Pipeline/Pipeline.php(167): Illuminate\\Foundation\\Http\\Middleware\\PreventRequestsDuringMaintenance->handle(Object(Illuminate\\Http\\Request), Object(Closure))
#38 /Applications/MAMP/htdocs/proyectos/aplicaciones web/abogadosApp/backed-api-law2/vendor/fruitcake/laravel-cors/src/HandleCors.php(52): Illuminate\\Pipeline\\Pipeline->{closure:{closure:Illuminate\\Pipeline\\Pipeline::carry():142}:143}(Object(Illuminate\\Http\\Request))
#39 /Applications/MAMP/htdocs/proyectos/aplicaciones web/abogadosApp/backed-api-law2/vendor/laravel/framework/src/Illuminate/Pipeline/Pipeline.php(167): Fruitcake\\Cors\\HandleCors->handle(Object(Illuminate\\Http\\Request), Object(Closure))
#40 /Applications/MAMP/htdocs/proyectos/aplicaciones web/abogadosApp/backed-api-law2/vendor/laravel/framework/src/Illuminate/Http/Middleware/TrustProxies.php(39): Illuminate\\Pipeline\\Pipeline->{closure:{closure:Illuminate\\Pipeline\\Pipeline::carry():142}:143}(Object(Illuminate\\Http\\Request))
#41 /Applications/MAMP/htdocs/proyectos/aplicaciones web/abogadosApp/backed-api-law2/vendor/laravel/framework/src/Illuminate/Pipeline/Pipeline.php(167): Illuminate\\Http\\Middleware\\TrustProxies->handle(Object(Illuminate\\Http\\Request), Object(Closure))
#42 /Applications/MAMP/htdocs/proyectos/aplicaciones web/abogadosApp/backed-api-law2/vendor/laravel/framework/src/Illuminate/Pipeline/Pipeline.php(103): Illuminate\\Pipeline\\Pipeline->{closure:{closure:Illuminate\\Pipeline\\Pipeline::carry():142}:143}(Object(Illuminate\\Http\\Request))
#43 /Applications/MAMP/htdocs/proyectos/aplicaciones web/abogadosApp/backed-api-law2/vendor/laravel/framework/src/Illuminate/Foundation/Http/Kernel.php(142): Illuminate\\Pipeline\\Pipeline->then(Object(Closure))
#44 /Applications/MAMP/htdocs/proyectos/aplicaciones web/abogadosApp/backed-api-law2/vendor/laravel/framework/src/Illuminate/Foundation/Http/Kernel.php(111): Illuminate\\Foundation\\Http\\Kernel->sendRequestThroughRouter(Object(Illuminate\\Http\\Request))
#45 /Applications/MAMP/htdocs/proyectos/aplicaciones web/abogadosApp/backed-api-law2/public/index.php(51): Illuminate\\Foundation\\Http\\Kernel->handle(Object(Illuminate\\Http\\Request))
#46 /Applications/MAMP/htdocs/proyectos/aplicaciones web/abogadosApp/backed-api-law2/server.php(21): require_once('/Applications/M...')
#47 {main}

[previous exception] [object] (PDOException(code: 23000): SQLSTATE[23000]: Integrity constraint violation: 1048 Column 'status' cannot be null at /Applications/MAMP/htdocs/proyectos/aplicaciones web/abogadosApp/backed-api-law2/vendor/laravel/framework/src/Illuminate/Database/Connection.php:526)
[stacktrace]
#0 /Applications/MAMP/htdocs/proyectos/aplicaciones web/abogadosApp/backed-api-law2/vendor/laravel/framework/src/Illuminate/Database/Connection.php(526): PDOStatement->execute()
#1 /Applications/MAMP/htdocs/proyectos/aplicaciones web/abogadosApp/backed-api-law2/vendor/laravel/framework/src/Illuminate/Database/Connection.php(705): Illuminate\\Database\\Connection->{closure:Illuminate\\Database\\Connection::affectingStatement():514}('update `profile...', Array)
#2 /Applications/MAMP/htdocs/proyectos/aplicaciones web/abogadosApp/backed-api-law2/vendor/laravel/framework/src/Illuminate/Database/Connection.php(672): Illuminate\\Database\\Connection->runQueryCallback('update `profile...', Array, Object(Closure))
#3 /Applications/MAMP/htdocs/proyectos/aplicaciones web/abogadosApp/backed-api-law2/vendor/laravel/framework/src/Illuminate/Database/Connection.php(514): Illuminate\\Database\\Connection->run('update `profile...', Array, Object(Closure))
#4 /Applications/MAMP/htdocs/proyectos/aplicaciones web/abogadosApp/backed-api-law2/vendor/laravel/framework/src/Illuminate/Database/Connection.php(466): Illuminate\\Database\\Connection->affectingStatement('update `profile...', Array)
#5 /Applications/MAMP/htdocs/proyectos/aplicaciones web/abogadosApp/backed-api-law2/vendor/laravel/framework/src/Illuminate/Database/Query/Builder.php(3062): Illuminate\\Database\\Connection->update('update `profile...', Array)
#6 /Applications/MAMP/htdocs/proyectos/aplicaciones web/abogadosApp/backed-api-law2/vendor/laravel/framework/src/Illuminate/Database/Eloquent/Builder.php(921): Illuminate\\Database\\Query\\Builder->update(Array)
#7 /Applications/MAMP/htdocs/proyectos/aplicaciones web/abogadosApp/backed-api-law2/vendor/laravel/framework/src/Illuminate/Database/Eloquent/Model.php(1072): Illuminate\\Database\\Eloquent\\Builder->update(Array)
#8 /Applications/MAMP/htdocs/proyectos/aplicaciones web/abogadosApp/backed-api-law2/vendor/laravel/framework/src/Illuminate/Database/Eloquent/Model.php(987): Illuminate\\Database\\Eloquent\\Model->performUpdate(Object(Illuminate\\Database\\Eloquent\\Builder))
#9 /Applications/MAMP/htdocs/proyectos/aplicaciones web/abogadosApp/backed-api-law2/vendor/laravel/framework/src/Illuminate/Database/Eloquent/Model.php(885): Illuminate\\Database\\Eloquent\\Model->save(Array)
#10 /Applications/MAMP/htdocs/proyectos/aplicaciones web/abogadosApp/backed-api-law2/app/Http/Controllers/ProfileController.php(172): Illuminate\\Database\\Eloquent\\Model->update()
#11 /Applications/MAMP/htdocs/proyectos/aplicaciones web/abogadosApp/backed-api-law2/vendor/laravel/framework/src/Illuminate/Routing/Controller.php(54): App\\Http\\Controllers\\ProfileController->updateStatus(Object(Illuminate\\Http\\Request), '3')
#12 /Applications/MAMP/htdocs/proyectos/aplicaciones web/abogadosApp/backed-api-law2/vendor/laravel/framework/src/Illuminate/Routing/ControllerDispatcher.php(45): Illuminate\\Routing\\Controller->callAction('updateStatus', Array)
#13 /Applications/MAMP/htdocs/proyectos/aplicaciones web/abogadosApp/backed-api-law2/vendor/laravel/framework/src/Illuminate/Routing/Route.php(261): Illuminate\\Routing\\ControllerDispatcher->dispatch(Object(Illuminate\\Routing\\Route), Object(App\\Http\\Controllers\\ProfileController), 'updateStatus')
#14 /Applications/MAMP/htdocs/proyectos/aplicaciones web/abogadosApp/backed-api-law2/vendor/laravel/framework/src/Illuminate/Routing/Route.php(205): Illuminate\\Routing\\Route->runController()
#15 /Applications/MAMP/htdocs/proyectos/aplicaciones web/abogadosApp/backed-api-law2/vendor/laravel/framework/src/Illuminate/Routing/Router.php(721): Illuminate\\Routing\\Route->run()
#16 /Applications/MAMP/htdocs/proyectos/aplicaciones web/abogadosApp/backed-api-law2/vendor/laravel/framework/src/Illuminate/Pipeline/Pipeline.php(128): Illuminate\\Routing\\Router->{closure:Illuminate\\Routing\\Router::runRouteWithinStack():719}(Object(Illuminate\\Http\\Request))
#17 /Applications/MAMP/htdocs/proyectos/aplicaciones web/abogadosApp/backed-api-law2/vendor/laravel/framework/src/Illuminate/Routing/Middleware/SubstituteBindings.php(50): Illuminate\\Pipeline\\Pipeline->{closure:Illuminate\\Pipeline\\Pipeline::prepareDestination():126}(Object(Illuminate\\Http\\Request))
#18 /Applications/MAMP/htdocs/proyectos/aplicaciones web/abogadosApp/backed-api-law2/vendor/laravel/framework/src/Illuminate/Pipeline/Pipeline.php(167): Illuminate\\Routing\\Middleware\\SubstituteBindings->handle(Object(Illuminate\\Http\\Request), Object(Closure))
#19 /Applications/MAMP/htdocs/proyectos/aplicaciones web/abogadosApp/backed-api-law2/vendor/laravel/framework/src/Illuminate/Routing/Middleware/ThrottleRequests.php(127): Illuminate\\Pipeline\\Pipeline->{closure:{closure:Illuminate\\Pipeline\\Pipeline::carry():142}:143}(Object(Illuminate\\Http\\Request))
#20 /Applications/MAMP/htdocs/proyectos/aplicaciones web/abogadosApp/backed-api-law2/vendor/laravel/framework/src/Illuminate/Routing/Middleware/ThrottleRequests.php(93): Illuminate\\Routing\\Middleware\\ThrottleRequests->handleRequest(Object(Illuminate\\Http\\Request), Object(Closure), Array)
#21 /Applications/MAMP/htdocs/proyectos/aplicaciones web/abogadosApp/backed-api-law2/vendor/laravel/framework/src/Illuminate/Routing/Middleware/ThrottleRequests.php(55): Illuminate\\Routing\\Middleware\\ThrottleRequests->handleRequestUsingNamedLimiter(Object(Illuminate\\Http\\Request), Object(Closure), 'api', Object(Closure))
#22 /Applications/MAMP/htdocs/proyectos/aplicaciones web/abogadosApp/backed-api-law2/vendor/laravel/framework/src/Illuminate/Pipeline/Pipeline.php(167): Illuminate\\Routing\\Middleware\\ThrottleRequests->handle(Object(Illuminate\\Http\\Request), Object(Closure), 'api')
#23 /Applications/MAMP/htdocs/proyectos/aplicaciones web/abogadosApp/backed-api-law2/vendor/laravel/framework/src/Illuminate/Pipeline/Pipeline.php(103): Illuminate\\Pipeline\\Pipeline->{closure:{closure:Illuminate\\Pipeline\\Pipeline::carry():142}:143}(Object(Illuminate\\Http\\Request))
#24 /Applications/MAMP/htdocs/proyectos/aplicaciones web/abogadosApp/backed-api-law2/vendor/laravel/framework/src/Illuminate/Routing/Router.php(719): Illuminate\\Pipeline\\Pipeline->then(Object(Closure))
#25 /Applications/MAMP/htdocs/proyectos/aplicaciones web/abogadosApp/backed-api-law2/vendor/laravel/framework/src/Illuminate/Routing/Router.php(698): Illuminate\\Routing\\Router->runRouteWithinStack(Object(Illuminate\\Routing\\Route), Object(Illuminate\\Http\\Request))
#26 /Applications/MAMP/htdocs/proyectos/aplicaciones web/abogadosApp/backed-api-law2/vendor/laravel/framework/src/Illuminate/Routing/Router.php(662): Illuminate\\Routing\\Router->runRoute(Object(Illuminate\\Http\\Request), Object(Illuminate\\Routing\\Route))
#27 /Applications/MAMP/htdocs/proyectos/aplicaciones web/abogadosApp/backed-api-law2/vendor/laravel/framework/src/Illuminate/Routing/Router.php(651): Illuminate\\Routing\\Router->dispatchToRoute(Object(Illuminate\\Http\\Request))
#28 /Applications/MAMP/htdocs/proyectos/aplicaciones web/abogadosApp/backed-api-law2/vendor/laravel/framework/src/Illuminate/Foundation/Http/Kernel.php(167): Illuminate\\Routing\\Router->dispatch(Object(Illuminate\\Http\\Request))
#29 /Applications/MAMP/htdocs/proyectos/aplicaciones web/abogadosApp/backed-api-law2/vendor/laravel/framework/src/Illuminate/Pipeline/Pipeline.php(128): Illuminate\\Foundation\\Http\\Kernel->{closure:Illuminate\\Foundation\\Http\\Kernel::dispatchToRouter():164}(Object(Illuminate\\Http\\Request))
#30 /Applications/MAMP/htdocs/proyectos/aplicaciones web/abogadosApp/backed-api-law2/vendor/laravel/framework/src/Illuminate/Foundation/Http/Middleware/TransformsRequest.php(21): Illuminate\\Pipeline\\Pipeline->{closure:Illuminate\\Pipeline\\Pipeline::prepareDestination():126}(Object(Illuminate\\Http\\Request))
#31 /Applications/MAMP/htdocs/proyectos/aplicaciones web/abogadosApp/backed-api-law2/vendor/laravel/framework/src/Illuminate/Foundation/Http/Middleware/ConvertEmptyStringsToNull.php(31): Illuminate\\Foundation\\Http\\Middleware\\TransformsRequest->handle(Object(Illuminate\\Http\\Request), Object(Closure))
#32 /Applications/MAMP/htdocs/proyectos/aplicaciones web/abogadosApp/backed-api-law2/vendor/laravel/framework/src/Illuminate/Pipeline/Pipeline.php(167): Illuminate\\Foundation\\Http\\Middleware\\ConvertEmptyStringsToNull->handle(Object(Illuminate\\Http\\Request), Object(Closure))
#33 /Applications/MAMP/htdocs/proyectos/aplicaciones web/abogadosApp/backed-api-law2/vendor/laravel/framework/src/Illuminate/Foundation/Http/Middleware/TransformsRequest.php(21): Illuminate\\Pipeline\\Pipeline->{closure:{closure:Illuminate\\Pipeline\\Pipeline::carry():142}:143}(Object(Illuminate\\Http\\Request))
#34 /Applications/MAMP/htdocs/proyectos/aplicaciones web/abogadosApp/backed-api-law2/vendor/laravel/framework/src/Illuminate/Foundation/Http/Middleware/TrimStrings.php(40): Illuminate\\Foundation\\Http\\Middleware\\TransformsRequest->handle(Object(Illuminate\\Http\\Request), Object(Closure))
#35 /Applications/MAMP/htdocs/proyectos/aplicaciones web/abogadosApp/backed-api-law2/vendor/laravel/framework/src/Illuminate/Pipeline/Pipeline.php(167): Illuminate\\Foundation\\Http\\Middleware\\TrimStrings->handle(Object(Illuminate\\Http\\Request), Object(Closure))
#36 /Applications/MAMP/htdocs/proyectos/aplicaciones web/abogadosApp/backed-api-law2/vendor/laravel/framework/src/Illuminate/Foundation/Http/Middleware/ValidatePostSize.php(27): Illuminate\\Pipeline\\Pipeline->{closure:{closure:Illuminate\\Pipeline\\Pipeline::carry():142}:143}(Object(Illuminate\\Http\\Request))
#37 /Applications/MAMP/htdocs/proyectos/aplicaciones web/abogadosApp/backed-api-law2/vendor/laravel/framework/src/Illuminate/Pipeline/Pipeline.php(167): Illuminate\\Foundation\\Http\\Middleware\\ValidatePostSize->handle(Object(Illuminate\\Http\\Request), Object(Closure))
#38 /Applications/MAMP/htdocs/proyectos/aplicaciones web/abogadosApp/backed-api-law2/vendor/laravel/framework/src/Illuminate/Foundation/Http/Middleware/PreventRequestsDuringMaintenance.php(86): Illuminate\\Pipeline\\Pipeline->{closure:{closure:Illuminate\\Pipeline\\Pipeline::carry():142}:143}(Object(Illuminate\\Http\\Request))
#39 /Applications/MAMP/htdocs/proyectos/aplicaciones web/abogadosApp/backed-api-law2/vendor/laravel/framework/src/Illuminate/Pipeline/Pipeline.php(167): Illuminate\\Foundation\\Http\\Middleware\\PreventRequestsDuringMaintenance->handle(Object(Illuminate\\Http\\Request), Object(Closure))
#40 /Applications/MAMP/htdocs/proyectos/aplicaciones web/abogadosApp/backed-api-law2/vendor/fruitcake/laravel-cors/src/HandleCors.php(52): Illuminate\\Pipeline\\Pipeline->{closure:{closure:Illuminate\\Pipeline\\Pipeline::carry():142}:143}(Object(Illuminate\\Http\\Request))
#41 /Applications/MAMP/htdocs/proyectos/aplicaciones web/abogadosApp/backed-api-law2/vendor/laravel/framework/src/Illuminate/Pipeline/Pipeline.php(167): Fruitcake\\Cors\\HandleCors->handle(Object(Illuminate\\Http\\Request), Object(Closure))
#42 /Applications/MAMP/htdocs/proyectos/aplicaciones web/abogadosApp/backed-api-law2/vendor/laravel/framework/src/Illuminate/Http/Middleware/TrustProxies.php(39): Illuminate\\Pipeline\\Pipeline->{closure:{closure:Illuminate\\Pipeline\\Pipeline::carry():142}:143}(Object(Illuminate\\Http\\Request))
#43 /Applications/MAMP/htdocs/proyectos/aplicaciones web/abogadosApp/backed-api-law2/vendor/laravel/framework/src/Illuminate/Pipeline/Pipeline.php(167): Illuminate\\Http\\Middleware\\TrustProxies->handle(Object(Illuminate\\Http\\Request), Object(Closure))
#44 /Applications/MAMP/htdocs/proyectos/aplicaciones web/abogadosApp/backed-api-law2/vendor/laravel/framework/src/Illuminate/Pipeline/Pipeline.php(103): Illuminate\\Pipeline\\Pipeline->{closure:{closure:Illuminate\\Pipeline\\Pipeline::carry():142}:143}(Object(Illuminate\\Http\\Request))
#45 /Applications/MAMP/htdocs/proyectos/aplicaciones web/abogadosApp/backed-api-law2/vendor/laravel/framework/src/Illuminate/Foundation/Http/Kernel.php(142): Illuminate\\Pipeline\\Pipeline->then(Object(Closure))
#46 /Applications/MAMP/htdocs/proyectos/aplicaciones web/abogadosApp/backed-api-law2/vendor/laravel/framework/src/Illuminate/Foundation/Http/Kernel.php(111): Illuminate\\Foundation\\Http\\Kernel->sendRequestThroughRouter(Object(Illuminate\\Http\\Request))
#47 /Applications/MAMP/htdocs/proyectos/aplicaciones web/abogadosApp/backed-api-law2/public/index.php(51): Illuminate\\Foundation\\Http\\Kernel->handle(Object(Illuminate\\Http\\Request))
#48 /Applications/MAMP/htdocs/proyectos/aplicaciones web/abogadosApp/backed-api-law2/server.php(21): require_once('/Applications/M...')
#49 {main}
"} 
[2025-04-09 21:51:30] local.ERROR: Class "App\Http\Resources\Solicitud\Carbon" not found {"exception":"[object] (Error(code: 0): Class \"App\\Http\\Resources\\Solicitud\\Carbon\" not found at /Applications/MAMP/htdocs/proyectos/aplicaciones web/abogadosApp/backed-api-law2/app/Http/Resources/Solicitud/SolicitudResource.php:21)
[stacktrace]
#0 /Applications/MAMP/htdocs/proyectos/aplicaciones web/abogadosApp/backed-api-law2/vendor/laravel/framework/src/Illuminate/Collections/HigherOrderCollectionProxy.php(60): App\\Http\\Resources\\Solicitud\\SolicitudResource->toArray(Object(Illuminate\\Http\\Request))
#1 [internal function]: Illuminate\\Support\\HigherOrderCollectionProxy->{closure:Illuminate\\Support\\HigherOrderCollectionProxy::__call():59}(Object(App\\Http\\Resources\\Solicitud\\SolicitudResource), 0)
#2 /Applications/MAMP/htdocs/proyectos/aplicaciones web/abogadosApp/backed-api-law2/vendor/laravel/framework/src/Illuminate/Collections/Collection.php(695): array_map(Object(Closure), Array, Array)
#3 /Applications/MAMP/htdocs/proyectos/aplicaciones web/abogadosApp/backed-api-law2/vendor/laravel/framework/src/Illuminate/Collections/HigherOrderCollectionProxy.php(59): Illuminate\\Support\\Collection->map(Object(Closure))
#4 /Applications/MAMP/htdocs/proyectos/aplicaciones web/abogadosApp/backed-api-law2/vendor/laravel/framework/src/Illuminate/Http/Resources/Json/ResourceCollection.php(102): Illuminate\\Support\\HigherOrderCollectionProxy->__call('toArray', Array)
#5 /Applications/MAMP/htdocs/proyectos/aplicaciones web/abogadosApp/backed-api-law2/vendor/laravel/framework/src/Illuminate/Http/Resources/Json/JsonResource.php(94): Illuminate\\Http\\Resources\\Json\\ResourceCollection->toArray(Object(Illuminate\\Http\\Request))
#6 /Applications/MAMP/htdocs/proyectos/aplicaciones web/abogadosApp/backed-api-law2/vendor/laravel/framework/src/Illuminate/Http/Resources/Json/JsonResource.php(242): Illuminate\\Http\\Resources\\Json\\JsonResource->resolve(Object(Illuminate\\Http\\Request))
#7 [internal function]: Illuminate\\Http\\Resources\\Json\\JsonResource->jsonSerialize()
#8 /Applications/MAMP/htdocs/proyectos/aplicaciones web/abogadosApp/backed-api-law2/vendor/laravel/framework/src/Illuminate/Http/JsonResponse.php(87): json_encode(Array, 0)
#9 /Applications/MAMP/htdocs/proyectos/aplicaciones web/abogadosApp/backed-api-law2/vendor/symfony/http-foundation/JsonResponse.php(54): Illuminate\\Http\\JsonResponse->setData(Array)
#10 /Applications/MAMP/htdocs/proyectos/aplicaciones web/abogadosApp/backed-api-law2/vendor/laravel/framework/src/Illuminate/Http/JsonResponse.php(32): Symfony\\Component\\HttpFoundation\\JsonResponse->__construct(Array, 200, Array, false)
#11 /Applications/MAMP/htdocs/proyectos/aplicaciones web/abogadosApp/backed-api-law2/vendor/laravel/framework/src/Illuminate/Routing/ResponseFactory.php(99): Illuminate\\Http\\JsonResponse->__construct(Array, 200, Array, 0)
#12 /Applications/MAMP/htdocs/proyectos/aplicaciones web/abogadosApp/backed-api-law2/app/Http/Controllers/SolicitudesController.php(106): Illuminate\\Routing\\ResponseFactory->json(Array, 200)
#13 /Applications/MAMP/htdocs/proyectos/aplicaciones web/abogadosApp/backed-api-law2/vendor/laravel/framework/src/Illuminate/Routing/Controller.php(54): App\\Http\\Controllers\\SolicitudesController->getByUser('3')
#14 /Applications/MAMP/htdocs/proyectos/aplicaciones web/abogadosApp/backed-api-law2/vendor/laravel/framework/src/Illuminate/Routing/ControllerDispatcher.php(45): Illuminate\\Routing\\Controller->callAction('getByUser', Array)
#15 /Applications/MAMP/htdocs/proyectos/aplicaciones web/abogadosApp/backed-api-law2/vendor/laravel/framework/src/Illuminate/Routing/Route.php(261): Illuminate\\Routing\\ControllerDispatcher->dispatch(Object(Illuminate\\Routing\\Route), Object(App\\Http\\Controllers\\SolicitudesController), 'getByUser')
#16 /Applications/MAMP/htdocs/proyectos/aplicaciones web/abogadosApp/backed-api-law2/vendor/laravel/framework/src/Illuminate/Routing/Route.php(205): Illuminate\\Routing\\Route->runController()
#17 /Applications/MAMP/htdocs/proyectos/aplicaciones web/abogadosApp/backed-api-law2/vendor/laravel/framework/src/Illuminate/Routing/Router.php(721): Illuminate\\Routing\\Route->run()
#18 /Applications/MAMP/htdocs/proyectos/aplicaciones web/abogadosApp/backed-api-law2/vendor/laravel/framework/src/Illuminate/Pipeline/Pipeline.php(128): Illuminate\\Routing\\Router->{closure:Illuminate\\Routing\\Router::runRouteWithinStack():719}(Object(Illuminate\\Http\\Request))
#19 /Applications/MAMP/htdocs/proyectos/aplicaciones web/abogadosApp/backed-api-law2/vendor/laravel/framework/src/Illuminate/Routing/Middleware/SubstituteBindings.php(50): Illuminate\\Pipeline\\Pipeline->{closure:Illuminate\\Pipeline\\Pipeline::prepareDestination():126}(Object(Illuminate\\Http\\Request))
#20 /Applications/MAMP/htdocs/proyectos/aplicaciones web/abogadosApp/backed-api-law2/vendor/laravel/framework/src/Illuminate/Pipeline/Pipeline.php(167): Illuminate\\Routing\\Middleware\\SubstituteBindings->handle(Object(Illuminate\\Http\\Request), Object(Closure))
#21 /Applications/MAMP/htdocs/proyectos/aplicaciones web/abogadosApp/backed-api-law2/vendor/laravel/framework/src/Illuminate/Routing/Middleware/ThrottleRequests.php(127): Illuminate\\Pipeline\\Pipeline->{closure:{closure:Illuminate\\Pipeline\\Pipeline::carry():142}:143}(Object(Illuminate\\Http\\Request))
#22 /Applications/MAMP/htdocs/proyectos/aplicaciones web/abogadosApp/backed-api-law2/vendor/laravel/framework/src/Illuminate/Routing/Middleware/ThrottleRequests.php(93): Illuminate\\Routing\\Middleware\\ThrottleRequests->handleRequest(Object(Illuminate\\Http\\Request), Object(Closure), Array)
#23 /Applications/MAMP/htdocs/proyectos/aplicaciones web/abogadosApp/backed-api-law2/vendor/laravel/framework/src/Illuminate/Routing/Middleware/ThrottleRequests.php(55): Illuminate\\Routing\\Middleware\\ThrottleRequests->handleRequestUsingNamedLimiter(Object(Illuminate\\Http\\Request), Object(Closure), 'api', Object(Closure))
#24 /Applications/MAMP/htdocs/proyectos/aplicaciones web/abogadosApp/backed-api-law2/vendor/laravel/framework/src/Illuminate/Pipeline/Pipeline.php(167): Illuminate\\Routing\\Middleware\\ThrottleRequests->handle(Object(Illuminate\\Http\\Request), Object(Closure), 'api')
#25 /Applications/MAMP/htdocs/proyectos/aplicaciones web/abogadosApp/backed-api-law2/vendor/laravel/framework/src/Illuminate/Pipeline/Pipeline.php(103): Illuminate\\Pipeline\\Pipeline->{closure:{closure:Illuminate\\Pipeline\\Pipeline::carry():142}:143}(Object(Illuminate\\Http\\Request))
#26 /Applications/MAMP/htdocs/proyectos/aplicaciones web/abogadosApp/backed-api-law2/vendor/laravel/framework/src/Illuminate/Routing/Router.php(719): Illuminate\\Pipeline\\Pipeline->then(Object(Closure))
#27 /Applications/MAMP/htdocs/proyectos/aplicaciones web/abogadosApp/backed-api-law2/vendor/laravel/framework/src/Illuminate/Routing/Router.php(698): Illuminate\\Routing\\Router->runRouteWithinStack(Object(Illuminate\\Routing\\Route), Object(Illuminate\\Http\\Request))
#28 /Applications/MAMP/htdocs/proyectos/aplicaciones web/abogadosApp/backed-api-law2/vendor/laravel/framework/src/Illuminate/Routing/Router.php(662): Illuminate\\Routing\\Router->runRoute(Object(Illuminate\\Http\\Request), Object(Illuminate\\Routing\\Route))
#29 /Applications/MAMP/htdocs/proyectos/aplicaciones web/abogadosApp/backed-api-law2/vendor/laravel/framework/src/Illuminate/Routing/Router.php(651): Illuminate\\Routing\\Router->dispatchToRoute(Object(Illuminate\\Http\\Request))
#30 /Applications/MAMP/htdocs/proyectos/aplicaciones web/abogadosApp/backed-api-law2/vendor/laravel/framework/src/Illuminate/Foundation/Http/Kernel.php(167): Illuminate\\Routing\\Router->dispatch(Object(Illuminate\\Http\\Request))
#31 /Applications/MAMP/htdocs/proyectos/aplicaciones web/abogadosApp/backed-api-law2/vendor/laravel/framework/src/Illuminate/Pipeline/Pipeline.php(128): Illuminate\\Foundation\\Http\\Kernel->{closure:Illuminate\\Foundation\\Http\\Kernel::dispatchToRouter():164}(Object(Illuminate\\Http\\Request))
#32 /Applications/MAMP/htdocs/proyectos/aplicaciones web/abogadosApp/backed-api-law2/vendor/laravel/framework/src/Illuminate/Foundation/Http/Middleware/TransformsRequest.php(21): Illuminate\\Pipeline\\Pipeline->{closure:Illuminate\\Pipeline\\Pipeline::prepareDestination():126}(Object(Illuminate\\Http\\Request))
#33 /Applications/MAMP/htdocs/proyectos/aplicaciones web/abogadosApp/backed-api-law2/vendor/laravel/framework/src/Illuminate/Foundation/Http/Middleware/ConvertEmptyStringsToNull.php(31): Illuminate\\Foundation\\Http\\Middleware\\TransformsRequest->handle(Object(Illuminate\\Http\\Request), Object(Closure))
#34 /Applications/MAMP/htdocs/proyectos/aplicaciones web/abogadosApp/backed-api-law2/vendor/laravel/framework/src/Illuminate/Pipeline/Pipeline.php(167): Illuminate\\Foundation\\Http\\Middleware\\ConvertEmptyStringsToNull->handle(Object(Illuminate\\Http\\Request), Object(Closure))
#35 /Applications/MAMP/htdocs/proyectos/aplicaciones web/abogadosApp/backed-api-law2/vendor/laravel/framework/src/Illuminate/Foundation/Http/Middleware/TransformsRequest.php(21): Illuminate\\Pipeline\\Pipeline->{closure:{closure:Illuminate\\Pipeline\\Pipeline::carry():142}:143}(Object(Illuminate\\Http\\Request))
#36 /Applications/MAMP/htdocs/proyectos/aplicaciones web/abogadosApp/backed-api-law2/vendor/laravel/framework/src/Illuminate/Foundation/Http/Middleware/TrimStrings.php(40): Illuminate\\Foundation\\Http\\Middleware\\TransformsRequest->handle(Object(Illuminate\\Http\\Request), Object(Closure))
#37 /Applications/MAMP/htdocs/proyectos/aplicaciones web/abogadosApp/backed-api-law2/vendor/laravel/framework/src/Illuminate/Pipeline/Pipeline.php(167): Illuminate\\Foundation\\Http\\Middleware\\TrimStrings->handle(Object(Illuminate\\Http\\Request), Object(Closure))
#38 /Applications/MAMP/htdocs/proyectos/aplicaciones web/abogadosApp/backed-api-law2/vendor/laravel/framework/src/Illuminate/Foundation/Http/Middleware/ValidatePostSize.php(27): Illuminate\\Pipeline\\Pipeline->{closure:{closure:Illuminate\\Pipeline\\Pipeline::carry():142}:143}(Object(Illuminate\\Http\\Request))
#39 /Applications/MAMP/htdocs/proyectos/aplicaciones web/abogadosApp/backed-api-law2/vendor/laravel/framework/src/Illuminate/Pipeline/Pipeline.php(167): Illuminate\\Foundation\\Http\\Middleware\\ValidatePostSize->handle(Object(Illuminate\\Http\\Request), Object(Closure))
#40 /Applications/MAMP/htdocs/proyectos/aplicaciones web/abogadosApp/backed-api-law2/vendor/laravel/framework/src/Illuminate/Foundation/Http/Middleware/PreventRequestsDuringMaintenance.php(86): Illuminate\\Pipeline\\Pipeline->{closure:{closure:Illuminate\\Pipeline\\Pipeline::carry():142}:143}(Object(Illuminate\\Http\\Request))
#41 /Applications/MAMP/htdocs/proyectos/aplicaciones web/abogadosApp/backed-api-law2/vendor/laravel/framework/src/Illuminate/Pipeline/Pipeline.php(167): Illuminate\\Foundation\\Http\\Middleware\\PreventRequestsDuringMaintenance->handle(Object(Illuminate\\Http\\Request), Object(Closure))
#42 /Applications/MAMP/htdocs/proyectos/aplicaciones web/abogadosApp/backed-api-law2/vendor/fruitcake/laravel-cors/src/HandleCors.php(52): Illuminate\\Pipeline\\Pipeline->{closure:{closure:Illuminate\\Pipeline\\Pipeline::carry():142}:143}(Object(Illuminate\\Http\\Request))
#43 /Applications/MAMP/htdocs/proyectos/aplicaciones web/abogadosApp/backed-api-law2/vendor/laravel/framework/src/Illuminate/Pipeline/Pipeline.php(167): Fruitcake\\Cors\\HandleCors->handle(Object(Illuminate\\Http\\Request), Object(Closure))
#44 /Applications/MAMP/htdocs/proyectos/aplicaciones web/abogadosApp/backed-api-law2/vendor/laravel/framework/src/Illuminate/Http/Middleware/TrustProxies.php(39): Illuminate\\Pipeline\\Pipeline->{closure:{closure:Illuminate\\Pipeline\\Pipeline::carry():142}:143}(Object(Illuminate\\Http\\Request))
#45 /Applications/MAMP/htdocs/proyectos/aplicaciones web/abogadosApp/backed-api-law2/vendor/laravel/framework/src/Illuminate/Pipeline/Pipeline.php(167): Illuminate\\Http\\Middleware\\TrustProxies->handle(Object(Illuminate\\Http\\Request), Object(Closure))
#46 /Applications/MAMP/htdocs/proyectos/aplicaciones web/abogadosApp/backed-api-law2/vendor/laravel/framework/src/Illuminate/Pipeline/Pipeline.php(103): Illuminate\\Pipeline\\Pipeline->{closure:{closure:Illuminate\\Pipeline\\Pipeline::carry():142}:143}(Object(Illuminate\\Http\\Request))
#47 /Applications/MAMP/htdocs/proyectos/aplicaciones web/abogadosApp/backed-api-law2/vendor/laravel/framework/src/Illuminate/Foundation/Http/Kernel.php(142): Illuminate\\Pipeline\\Pipeline->then(Object(Closure))
#48 /Applications/MAMP/htdocs/proyectos/aplicaciones web/abogadosApp/backed-api-law2/vendor/laravel/framework/src/Illuminate/Foundation/Http/Kernel.php(111): Illuminate\\Foundation\\Http\\Kernel->sendRequestThroughRouter(Object(Illuminate\\Http\\Request))
#49 /Applications/MAMP/htdocs/proyectos/aplicaciones web/abogadosApp/backed-api-law2/public/index.php(51): Illuminate\\Foundation\\Http\\Kernel->handle(Object(Illuminate\\Http\\Request))
#50 /Applications/MAMP/htdocs/proyectos/aplicaciones web/abogadosApp/backed-api-law2/server.php(21): require_once('/Applications/M...')
#51 {main}
"} 
